******  Errors are expected if such tables do not exist.
******  Creating REGIONS table ....
******  Creating COUNTRIES table ....
******  Creating LOCATIONS table ....
******  Creating DEPARTMENTS table ....
******  Creating JOBS table ....
******  Creating EMPLOYEES table ....
******  Creating JOB_HISTORY table ....
******  Creating EMERGENCY_CONTACTS table ....
******  Creating JOB_GRADES table ....
******  Populating JOB_GRADES table ..
******  Populating REGIONS table ....
******  Populating COUNTIRES table ....
******  Populating LOCATIONS table ....
******  Populating DEPARTMENTS table ....
******  Populating JOBS table ....
******  Populating EMPLOYEES table ....
******  Populating EMERGENCY CONTACTS table ....
******  Populating JOB_HISTORY table ....
******  Purge Recycle bin ....
******  Inserted 4 Lines on table REGIONS
******  Inserted 25 Lines on table COUNTRIES
******  Inserted 23 Lines on table LOCATIONS
******  Inserted 27 Lines on table DEPARTMENTS
******  Inserted 19 Lines on table JOBS
******  Inserted 107 Lines on table EMPLOYEES
******  Inserted 10 Lines on table JOB_HISTORY
******  Inserted 3 Lines on table EMERGENCY_CONTACTS
******  Inserted 6 Lines on table JOB_GRADES


****** Objects Invalid Status Before Recompile: 9
****** Compiling invalid objects ....

****** Objects Invalid Status After Recompile: 0
Objects Invalid List


****** Script Completed ******
